<?xml version="1.0" encoding="UTF-8"?>
<!-- Generated by org.testng.reporters.JUnitReportReporter -->
<testsuite hostname="DESKTOP-GJ9UHCB" name="com.wbl.MobileAutomation.YelpApp" tests="1" failures="0" timestamp="23 Nov 2016 07:45:35 GMT" time="54.075" errors="0">
  <testcase name="testYelp" time="54.075" classname="com.wbl.MobileAutomation.YelpApp"/>
</testsuite> <!-- com.wbl.MobileAutomation.YelpApp -->
